\BOOKMARK [0][-]{chapter.1}{Introducci\363n}{}% 1
\BOOKMARK [1][-]{section.1.1}{Temario}{chapter.1}% 2
\BOOKMARK [1][-]{section.1.2}{Evaluaci\363n}{chapter.1}% 3
\BOOKMARK [1][-]{section.1.3}{Fechas importantes}{chapter.1}% 4
\BOOKMARK [1][-]{section.1.4}{Reglas}{chapter.1}% 5
\BOOKMARK [1][-]{section.1.5}{Bibliograf\355a}{chapter.1}% 6
\BOOKMARK [0][-]{chapter.2}{Direcciones IP}{}% 7
\BOOKMARK [0][-]{chapter.3}{Unidad II}{}% 8
\BOOKMARK [1][-]{section.3.1}{Modelo OSI}{chapter.3}% 9
\BOOKMARK [2][-]{subsection.3.1.1}{CMIS \(Servicios de interopabilidad de gesti\363n de contenidos\)}{section.3.1}% 10
\BOOKMARK [1][-]{section.3.2}{CMIS \(Servicio de interoperabilidad de gesti\363n de contenidos\)}{chapter.3}% 11
\BOOKMARK [2][-]{subsection.3.2.1}{Sistema de gesti\363n de contenidos o CMS}{section.3.2}% 12
\BOOKMARK [2][-]{subsection.3.2.2}{Objetivos}{section.3.2}% 13
\BOOKMARK [2][-]{subsection.3.2.3}{Historia}{section.3.2}% 14
\BOOKMARK [2][-]{subsection.3.2.4}{Definiciones}{section.3.2}% 15
\BOOKMARK [2][-]{subsection.3.2.5}{ Enfoque de CMIS }{section.3.2}% 16
\BOOKMARK [2][-]{subsection.3.2.6}{Alcances CMIS}{section.3.2}% 17
\BOOKMARK [2][-]{subsection.3.2.7}{CMIS}{section.3.2}% 18
\BOOKMARK [2][-]{subsection.3.2.8}{Funciones gen\351ricas de CMIS}{section.3.2}% 19
\BOOKMARK [2][-]{subsection.3.2.9}{Object identity ODI}{section.3.2}% 20
\BOOKMARK [2][-]{subsection.3.2.10}{CRUD}{section.3.2}% 21
\BOOKMARK [1][-]{section.3.3}{CMIP}{chapter.3}% 22
\BOOKMARK [2][-]{subsection.3.3.1}{Sistemas de administraci\363n de red o NMS}{section.3.3}% 23
\BOOKMARK [2][-]{subsection.3.3.2}{Unidad de datos de protocolo de aplicaci\363n}{section.3.3}% 24
\BOOKMARK [2][-]{subsection.3.3.3}{Caracteristicas del protocolo}{section.3.3}% 25
\BOOKMARK [2][-]{subsection.3.3.4}{Protocolos del CMIP}{section.3.3}% 26
\BOOKMARK [0][-]{chapter.4}{Configuraci\363n b\341sica de R1 y Routers}{}% 27
\BOOKMARK [1][-]{section.4.1}{Conexiones a la interfaz de comandos}{chapter.4}% 28
\BOOKMARK [1][-]{section.4.2}{Acceso a la interfaz de comando CLI.}{chapter.4}% 29
\BOOKMARK [2][-]{subsection.4.2.1}{Modos de acceso}{section.4.2}% 30
\BOOKMARK [2][-]{subsection.4.2.2}{USAMOS GNS3}{section.4.2}% 31
